[debug] [2024-01-15T08:03:35.873Z] ----------------------------------------------------------------------
[debug] [2024-01-15T08:03:35.875Z] Command:       C:\Program Files\nodejs\node.exe C:\Users\rohit\AppData\Roaming\npm\node_modules\firebase-tools\lib\bin\firebase.js init
[debug] [2024-01-15T08:03:35.875Z] CLI Version:   13.0.3
[debug] [2024-01-15T08:03:35.875Z] Platform:      win32
[debug] [2024-01-15T08:03:35.875Z] Node Version:  v18.16.0
[debug] [2024-01-15T08:03:35.876Z] Time:          Mon Jan 15 2024 13:33:35 GMT+0530 (India Standard Time)
[debug] [2024-01-15T08:03:35.876Z] ----------------------------------------------------------------------
[debug] 
[debug] [2024-01-15T08:03:35.882Z] > command requires scopes: ["email","openid","https://www.googleapis.com/auth/cloudplatformprojects.readonly","https://www.googleapis.com/auth/firebase","https://www.googleapis.com/auth/cloud-platform"]
[debug] [2024-01-15T08:03:35.883Z] > authorizing via signed-in user (rohithattimare2013@gmail.com)
[info] 
     ######## #### ########  ######## ########     ###     ######  ########
     ##        ##  ##     ## ##       ##     ##  ##   ##  ##       ##
     ######    ##  ########  ######   ########  #########  ######  ######
     ##        ##  ##    ##  ##       ##     ## ##     ##       ## ##
     ##       #### ##     ## ######## ########  ##     ##  ######  ########

You're about to initialize a Firebase project in this directory:

  G:\Projects\ReactNative\ViyogerVibeFoodApp

[info] 
=== Project Setup
[info] 
[info] First, let's associate this project directory with a Firebase project.
[info] You can create multiple project aliases by running firebase use --add, 
[info] but for now we'll just set up a default project.
[info] 
[debug] [2024-01-15T08:03:58.580Z] >>> [apiv2][query] GET https://firebase.googleapis.com/v1beta1/projects pageSize=100
[debug] [2024-01-15T08:03:59.200Z] <<< [apiv2][status] GET https://firebase.googleapis.com/v1beta1/projects 200
[debug] [2024-01-15T08:03:59.200Z] <<< [apiv2][body] GET https://firebase.googleapis.com/v1beta1/projects [omitted]
[info] i  Using project voyogervibefoodapp (VoyogerVibe App) 
[info] 
=== Firestore Setup
[debug] [2024-01-15T08:04:04.543Z] >>> [apiv2][query] GET https://serviceusage.googleapis.com/v1/projects/voyogervibefoodapp/services/firestore.googleapis.com [none]
[debug] [2024-01-15T08:04:04.543Z] >>> [apiv2][(partial)header] GET https://serviceusage.googleapis.com/v1/projects/voyogervibefoodapp/services/firestore.googleapis.com x-goog-quota-user=projects/voyogervibefoodapp
[debug] [2024-01-15T08:04:06.663Z] <<< [apiv2][status] GET https://serviceusage.googleapis.com/v1/projects/voyogervibefoodapp/services/firestore.googleapis.com 200
[debug] [2024-01-15T08:04:06.663Z] <<< [apiv2][body] GET https://serviceusage.googleapis.com/v1/projects/voyogervibefoodapp/services/firestore.googleapis.com [omitted]
[debug] [2024-01-15T08:04:06.663Z] >>> [apiv2][query] GET https://firestore.googleapis.com/v1/projects/voyogervibefoodapp/databases/(default) [none]
[debug] [2024-01-15T08:04:06.904Z] <<< [apiv2][status] GET https://firestore.googleapis.com/v1/projects/voyogervibefoodapp/databases/(default) 200
[debug] [2024-01-15T08:04:06.905Z] <<< [apiv2][body] GET https://firestore.googleapis.com/v1/projects/voyogervibefoodapp/databases/(default) {"name":"projects/voyogervibefoodapp/databases/(default)","uid":"e89ae682-3003-44b7-bc7c-825dbc5b39b6","createTime":"2024-01-14T09:58:36.395950Z","updateTime":"2024-01-14T09:58:36.395950Z","locationId":"asia-south1","type":"FIRESTORE_NATIVE","concurrencyMode":"PESSIMISTIC","versionRetentionPeriod":"3600s","earliestVersionTime":"2024-01-15T07:04:10.224362Z","appEngineIntegrationMode":"DISABLED","keyPrefix":"j","pointInTimeRecoveryEnablement":"POINT_IN_TIME_RECOVERY_DISABLED","deleteProtectionState":"DELETE_PROTECTION_DISABLED","etag":"INm6vqv33oMDMLDtn/TP3IMD"}
[debug] [2024-01-15T08:04:06.905Z] database_type: FIRESTORE_NATIVE
[debug] [2024-01-15T08:04:06.905Z] > command requires scopes: ["email","openid","https://www.googleapis.com/auth/cloudplatformprojects.readonly","https://www.googleapis.com/auth/firebase","https://www.googleapis.com/auth/cloud-platform"]
[debug] [2024-01-15T08:04:06.905Z] > authorizing via signed-in user (rohithattimare2013@gmail.com)
[debug] [2024-01-15T08:04:06.905Z] [iam] checking project voyogervibefoodapp for permissions ["firebase.projects.get"]
[debug] [2024-01-15T08:04:06.906Z] >>> [apiv2][query] POST https://cloudresourcemanager.googleapis.com/v1/projects/voyogervibefoodapp:testIamPermissions [none]
[debug] [2024-01-15T08:04:06.906Z] >>> [apiv2][(partial)header] POST https://cloudresourcemanager.googleapis.com/v1/projects/voyogervibefoodapp:testIamPermissions x-goog-quota-user=projects/voyogervibefoodapp
[debug] [2024-01-15T08:04:06.906Z] >>> [apiv2][body] POST https://cloudresourcemanager.googleapis.com/v1/projects/voyogervibefoodapp:testIamPermissions {"permissions":["firebase.projects.get"]}
[debug] [2024-01-15T08:04:08.483Z] <<< [apiv2][status] POST https://cloudresourcemanager.googleapis.com/v1/projects/voyogervibefoodapp:testIamPermissions 200
[debug] [2024-01-15T08:04:08.483Z] <<< [apiv2][body] POST https://cloudresourcemanager.googleapis.com/v1/projects/voyogervibefoodapp:testIamPermissions {"permissions":["firebase.projects.get"]}
[info] 
[info] Firestore Security Rules allow you to define how and when to allow
[info] requests. You can keep these rules in your project directory
[info] and publish them with firebase deploy.
[info] 
